<?xml version="1.0" encoding="UTF-8"?>
<testsuite name="executor.executor" tests="4" skipped="0" failures="1" errors="0" timestamp="2020-05-18T11:39:42" hostname="Chandhans-MacBook-Pro.local" time="37.739">
  <properties/>
  <testcase name="validatingSearch[0]({&quot;size&quot;:&quot;M&quot;,&quot;color&quot;:&quot;White&quot;,&quot;name&quot;:&quot;Round Neck Shirt 14&quot;})" classname="executor.executor" time="3.342">
    <failure message="java.lang.AssertionError: Result field name contains round neck shirt 14 expected [true] but found [false]" type="java.lang.AssertionError">java.lang.AssertionError: Result field name contains round neck shirt 14 expected [true] but found [false]
	at org.testng.Assert.fail(Assert.java:97)
	at org.testng.Assert.failNotEquals(Assert.java:969)
	at org.testng.Assert.assertTrue(Assert.java:43)
	at utils.basicActions.assertTrueWithScreenshot(basicActions.java:81)
	at pom.homePage.verifySearchResult(homePage.java:52)
	at executor.executor.validatingSearch(executor.java:29)
	at java.base/jdk.internal.reflect.NativeMethodAccessorImpl.invoke0(Native Method)
	at java.base/jdk.internal.reflect.NativeMethodAccessorImpl.invoke(NativeMethodAccessorImpl.java:62)
	at java.base/jdk.internal.reflect.DelegatingMethodAccessorImpl.invoke(DelegatingMethodAccessorImpl.java:43)
	at java.base/java.lang.reflect.Method.invoke(Method.java:566)
	at org.testng.internal.MethodInvocationHelper.invokeMethod(MethodInvocationHelper.java:134)
	at org.testng.internal.TestInvoker.invokeMethod(TestInvoker.java:597)
	at org.testng.internal.TestInvoker.invokeTestMethod(TestInvoker.java:173)
	at org.testng.internal.MethodRunner.runInSequence(MethodRunner.java:46)
	at org.testng.internal.TestInvoker$MethodInvocationAgent.invoke(TestInvoker.java:816)
	at org.testng.internal.TestInvoker.invokeTestMethods(TestInvoker.java:146)
	at org.testng.internal.TestMethodWorker.invokeTestMethods(TestMethodWorker.java:146)
	at org.testng.internal.TestMethodWorker.run(TestMethodWorker.java:128)
	at java.base/java.util.concurrent.ThreadPoolExecutor.runWorker(ThreadPoolExecutor.java:1128)
	at java.base/java.util.concurrent.ThreadPoolExecutor$Worker.run(ThreadPoolExecutor.java:628)
	at java.base/java.lang.Thread.run(Thread.java:834)
</failure>
  </testcase>
  <testcase name="validatingSearch[1]({&quot;size&quot;:&quot;M&quot;,&quot;color&quot;:&quot;White&quot;,&quot;name&quot;:&quot;Round Neck Shirt 6&quot;})" classname="executor.executor" time="8.475"/>
  <testcase name="ValidateAddingProductOfDifferentSize[0]({&quot;size&quot;:&quot;M&quot;,&quot;color&quot;:&quot;White&quot;,&quot;name&quot;:&quot;Round Neck Shirt 14&quot;})" classname="executor.executor" time="9.414"/>
  <testcase name="ValidateAddingProductOfDifferentSize[1]({&quot;size&quot;:&quot;M&quot;,&quot;color&quot;:&quot;White&quot;,&quot;name&quot;:&quot;Round Neck Shirt 6&quot;})" classname="executor.executor" time="7.127"/>
  <system-out><![CDATA[Round Neck ShirtRound Neck Shirt 14
Round Neck Shirt 6Round Neck Shirt 6
]]></system-out>
  <system-err><![CDATA[SLF4J: Failed to load class "org.slf4j.impl.StaticLoggerBinder".
SLF4J: Defaulting to no-operation (NOP) logger implementation
SLF4J: See http://www.slf4j.org/codes.html#StaticLoggerBinder for further details.
Starting ChromeDriver 81.0.4044.138 (8c6c7ba89cc9453625af54f11fd83179e23450fa-refs/branch-heads/4044@{#999}) on port 18442
Only local connections are allowed.
Please protect ports used by ChromeDriver and related test frameworks to prevent access by malicious code.
[1589801979.642][WARNING]: FromSockAddr failed on netmask
May 18, 2020 5:09:40 PM org.openqa.selenium.remote.ProtocolHandshake createSession
INFO: Detected dialect: W3C
[1589801981.956][SEVERE]: Timed out receiving message from renderer: 0.100
[1589801982.059][SEVERE]: Timed out receiving message from renderer: 0.100
[1589801982.162][SEVERE]: Timed out receiving message from renderer: 0.100
[1589801983.880][SEVERE]: Timed out receiving message from renderer: 0.100
[1589801984.792][SEVERE]: Timed out receiving message from renderer: 0.100
[1589801984.895][SEVERE]: Timed out receiving message from renderer: 0.100
[1589801985.137][SEVERE]: Timed out receiving message from renderer: 0.100
Starting ChromeDriver 81.0.4044.138 (8c6c7ba89cc9453625af54f11fd83179e23450fa-refs/branch-heads/4044@{#999}) on port 17269
Only local connections are allowed.
Please protect ports used by ChromeDriver and related test frameworks to prevent access by malicious code.
[1589801986.003][WARNING]: FromSockAddr failed on netmask
May 18, 2020 5:09:46 PM org.openqa.selenium.remote.ProtocolHandshake createSession
INFO: Detected dialect: W3C
[1589801987.683][SEVERE]: Timed out receiving message from renderer: 0.100
[1589801987.786][SEVERE]: Timed out receiving message from renderer: 0.100
[1589801987.889][SEVERE]: Timed out receiving message from renderer: 0.100
[1589801989.619][SEVERE]: Timed out receiving message from renderer: 0.100
[1589801989.742][SEVERE]: Timed out receiving message from renderer: 0.100
[1589801989.844][SEVERE]: Timed out receiving message from renderer: 0.100
[1589801991.353][SEVERE]: Timed out receiving message from renderer: 0.100
[1589801991.455][SEVERE]: Timed out receiving message from renderer: 0.100
[1589801991.714][SEVERE]: Timed out receiving message from renderer: 0.100
[1589801991.815][SEVERE]: Timed out receiving message from renderer: 0.100
[1589801991.954][SEVERE]: Timed out receiving message from renderer: 0.100
[1589801992.097][SEVERE]: Timed out receiving message from renderer: 0.100
[1589801992.198][SEVERE]: Timed out receiving message from renderer: 0.100
[1589801992.300][SEVERE]: Timed out receiving message from renderer: 0.100
[1589801992.404][SEVERE]: Timed out receiving message from renderer: 0.100
[1589801992.507][SEVERE]: Timed out receiving message from renderer: 0.100
[1589801992.611][SEVERE]: Timed out receiving message from renderer: 0.100
[1589801992.713][SEVERE]: Timed out receiving message from renderer: 0.100
[1589801992.817][SEVERE]: Timed out receiving message from renderer: 0.100
[1589801992.920][SEVERE]: Timed out receiving message from renderer: 0.100
[1589801993.023][SEVERE]: Timed out receiving message from renderer: 0.100
[1589801993.126][SEVERE]: Timed out receiving message from renderer: 0.100
Starting ChromeDriver 81.0.4044.138 (8c6c7ba89cc9453625af54f11fd83179e23450fa-refs/branch-heads/4044@{#999}) on port 3790
Only local connections are allowed.
Please protect ports used by ChromeDriver and related test frameworks to prevent access by malicious code.
[1589801996.805][WARNING]: FromSockAddr failed on netmask
May 18, 2020 5:09:57 PM org.openqa.selenium.remote.ProtocolHandshake createSession
INFO: Detected dialect: W3C
[1589801998.754][SEVERE]: Timed out receiving message from renderer: 0.100
[1589801998.857][SEVERE]: Timed out receiving message from renderer: 0.100
[1589801998.960][SEVERE]: Timed out receiving message from renderer: 0.100
[1589801999.398][SEVERE]: Timed out receiving message from renderer: 0.100
[1589801999.501][SEVERE]: Timed out receiving message from renderer: 0.100
[1589801999.604][SEVERE]: Timed out receiving message from renderer: 0.100
[1589801999.707][SEVERE]: Timed out receiving message from renderer: 0.100
[1589801999.809][SEVERE]: Timed out receiving message from renderer: 0.100
[1589801999.912][SEVERE]: Timed out receiving message from renderer: 0.100
[1589802000.015][SEVERE]: Timed out receiving message from renderer: 0.100
[1589802000.118][SEVERE]: Timed out receiving message from renderer: 0.100
[1589802000.220][SEVERE]: Timed out receiving message from renderer: 0.100
[1589802000.323][SEVERE]: Timed out receiving message from renderer: 0.100
[1589802000.426][SEVERE]: Timed out receiving message from renderer: 0.100
[1589802000.529][SEVERE]: Timed out receiving message from renderer: 0.100
[1589802000.632][SEVERE]: Timed out receiving message from renderer: 0.100
[1589802000.735][SEVERE]: Timed out receiving message from renderer: 0.100
[1589802000.837][SEVERE]: Timed out receiving message from renderer: 0.100
[1589802000.981][SEVERE]: Timed out receiving message from renderer: 0.100
[1589802002.364][SEVERE]: Timed out receiving message from renderer: 0.100
[1589802002.466][SEVERE]: Timed out receiving message from renderer: 0.100
[1589802002.569][SEVERE]: Timed out receiving message from renderer: 0.100
[1589802002.671][SEVERE]: Timed out receiving message from renderer: 0.100
[1589802002.774][SEVERE]: Timed out receiving message from renderer: 0.100
[1589802002.876][SEVERE]: Timed out receiving message from renderer: 0.100
[1589802002.978][SEVERE]: Timed out receiving message from renderer: 0.100
[1589802003.080][SEVERE]: Timed out receiving message from renderer: 0.100
[1589802003.182][SEVERE]: Timed out receiving message from renderer: 0.100
[1589802003.285][SEVERE]: Timed out receiving message from renderer: 0.100
[1589802003.389][SEVERE]: Timed out receiving message from renderer: 0.100
[1589802003.491][SEVERE]: Timed out receiving message from renderer: 0.100
[1589802003.593][SEVERE]: Timed out receiving message from renderer: 0.100
[1589802005.129][SEVERE]: Timed out receiving message from renderer: 0.100
[1589802005.232][SEVERE]: Timed out receiving message from renderer: 0.100
[1589802005.335][SEVERE]: Timed out receiving message from renderer: 0.100
[1589802005.437][SEVERE]: Timed out receiving message from renderer: 0.100
[1589802005.539][SEVERE]: Timed out receiving message from renderer: 0.100
[1589802005.739][SEVERE]: Timed out receiving message from renderer: 0.100
[1589802005.905][SEVERE]: Timed out receiving message from renderer: 0.100
[1589802006.007][SEVERE]: Timed out receiving message from renderer: 0.100
[1589802006.110][SEVERE]: Timed out receiving message from renderer: 0.100
[1589802006.295][SEVERE]: Timed out receiving message from renderer: 0.100
[1589802006.397][SEVERE]: Timed out receiving message from renderer: 0.100
[1589802006.535][SEVERE]: Timed out receiving message from renderer: 0.100
[1589802006.637][SEVERE]: Timed out receiving message from renderer: 0.100
[1589802006.738][SEVERE]: Timed out receiving message from renderer: 0.100
[1589802006.841][SEVERE]: Timed out receiving message from renderer: 0.100
[1589802006.943][SEVERE]: Timed out receiving message from renderer: 0.100
[1589802007.045][SEVERE]: Timed out receiving message from renderer: 0.100
[1589802007.146][SEVERE]: Timed out receiving message from renderer: 0.100
[1589802007.247][SEVERE]: Timed out receiving message from renderer: 0.100
[1589802007.349][SEVERE]: Timed out receiving message from renderer: 0.100
Starting ChromeDriver 81.0.4044.138 (8c6c7ba89cc9453625af54f11fd83179e23450fa-refs/branch-heads/4044@{#999}) on port 42816
Only local connections are allowed.
Please protect ports used by ChromeDriver and related test frameworks to prevent access by malicious code.
[1589802010.570][WARNING]: FromSockAddr failed on netmask
May 18, 2020 5:10:10 PM org.openqa.selenium.remote.ProtocolHandshake createSession
INFO: Detected dialect: W3C
[1589802012.574][SEVERE]: Timed out receiving message from renderer: 0.100
[1589802012.676][SEVERE]: Timed out receiving message from renderer: 0.100
[1589802012.779][SEVERE]: Timed out receiving message from renderer: 0.100
[1589802014.268][SEVERE]: Timed out receiving message from renderer: 0.100
[1589802014.403][SEVERE]: Timed out receiving message from renderer: 0.100
[1589802014.505][SEVERE]: Timed out receiving message from renderer: 0.100
[1589802014.607][SEVERE]: Timed out receiving message from renderer: 0.100
[1589802015.758][SEVERE]: Timed out receiving message from renderer: 0.100
[1589802015.910][SEVERE]: Timed out receiving message from renderer: 0.100
[1589802016.038][SEVERE]: Timed out receiving message from renderer: 0.100
[1589802016.197][SEVERE]: Timed out receiving message from renderer: 0.100
[1589802016.299][SEVERE]: Timed out receiving message from renderer: 0.100
[1589802016.402][SEVERE]: Timed out receiving message from renderer: 0.100
[1589802016.505][SEVERE]: Timed out receiving message from renderer: 0.100
[1589802016.613][SEVERE]: Timed out receiving message from renderer: 0.100
[1589802016.716][SEVERE]: Timed out receiving message from renderer: 0.100
[1589802016.819][SEVERE]: Timed out receiving message from renderer: 0.100
[1589802016.921][SEVERE]: Timed out receiving message from renderer: 0.100
[1589802017.023][SEVERE]: Timed out receiving message from renderer: 0.100
[1589802017.125][SEVERE]: Timed out receiving message from renderer: 0.100
[1589802017.226][SEVERE]: Timed out receiving message from renderer: 0.100
[1589802017.328][SEVERE]: Timed out receiving message from renderer: 0.100
[1589802017.430][SEVERE]: Timed out receiving message from renderer: 0.100
[1589802017.533][SEVERE]: Timed out receiving message from renderer: 0.100
[1589802017.636][SEVERE]: Timed out receiving message from renderer: 0.100
[1589802017.739][SEVERE]: Timed out receiving message from renderer: 0.100
]]></system-err>
</testsuite>
