<?xml version="1.0" encoding="UTF-8"?>
<testsuite name="executor.executor" tests="4" skipped="0" failures="1" errors="0" timestamp="2020-05-18T10:47:27" hostname="Chandhans-MacBook-Pro.local" time="34.378">
  <properties/>
  <testcase name="validatingSearch[0](Round Neck Shirt 14, M, White)" classname="executor.executor" time="3.58">
    <failure message="java.lang.AssertionError: Result field name contains round neck shirt 14 expected [true] but found [false]" type="java.lang.AssertionError">java.lang.AssertionError: Result field name contains round neck shirt 14 expected [true] but found [false]
	at org.testng.Assert.fail(Assert.java:97)
	at org.testng.Assert.failNotEquals(Assert.java:969)
	at org.testng.Assert.assertTrue(Assert.java:43)
	at utils.basicActions.assertTrueWithScreenshot(basicActions.java:81)
	at pom.homePage.verifySearchResult(homePage.java:52)
	at executor.executor.validatingSearch(executor.java:28)
	at java.base/jdk.internal.reflect.NativeMethodAccessorImpl.invoke0(Native Method)
	at java.base/jdk.internal.reflect.NativeMethodAccessorImpl.invoke(NativeMethodAccessorImpl.java:62)
	at java.base/jdk.internal.reflect.DelegatingMethodAccessorImpl.invoke(DelegatingMethodAccessorImpl.java:43)
	at java.base/java.lang.reflect.Method.invoke(Method.java:566)
	at org.testng.internal.MethodInvocationHelper.invokeMethod(MethodInvocationHelper.java:134)
	at org.testng.internal.TestInvoker.invokeMethod(TestInvoker.java:597)
	at org.testng.internal.TestInvoker.invokeTestMethod(TestInvoker.java:173)
	at org.testng.internal.MethodRunner.runInSequence(MethodRunner.java:46)
	at org.testng.internal.TestInvoker$MethodInvocationAgent.invoke(TestInvoker.java:816)
	at org.testng.internal.TestInvoker.invokeTestMethods(TestInvoker.java:146)
	at org.testng.internal.TestMethodWorker.invokeTestMethods(TestMethodWorker.java:146)
	at org.testng.internal.TestMethodWorker.run(TestMethodWorker.java:128)
	at java.base/java.util.concurrent.ThreadPoolExecutor.runWorker(ThreadPoolExecutor.java:1128)
	at java.base/java.util.concurrent.ThreadPoolExecutor$Worker.run(ThreadPoolExecutor.java:628)
	at java.base/java.lang.Thread.run(Thread.java:834)
</failure>
  </testcase>
  <testcase name="validatingSearch[1](Round Neck Shirt 6, M, White)" classname="executor.executor" time="8.28"/>
  <testcase name="ValidateAddingProductOfDifferentSize[0](Round Neck Shirt 14, M, White)" classname="executor.executor" time="7.611"/>
  <testcase name="ValidateAddingProductOfDifferentSize[1](Round Neck Shirt 6, M, White)" classname="executor.executor" time="6.887"/>
  <system-out><![CDATA[Round Neck ShirtRound Neck Shirt 14
Round Neck ShirtRound Neck Shirt 14
Round Neck Shirt 6Round Neck Shirt 6
]]></system-out>
  <system-err><![CDATA[[1589798848.919][SEVERE]: Timed out receiving message from renderer: 0.100
[1589798849.087][SEVERE]: Timed out receiving message from renderer: 0.100
[1589798849.188][SEVERE]: Timed out receiving message from renderer: 0.100
[1589798849.224][SEVERE]: Timed out receiving message from renderer: 0.100
[1589798849.289][SEVERE]: Timed out receiving message from renderer: 0.100
[1589798849.373][SEVERE]: Timed out receiving message from renderer: 0.100
[1589798849.475][SEVERE]: Timed out receiving message from renderer: 0.100
[1589798849.576][SEVERE]: Timed out receiving message from renderer: 0.100
[1589798849.678][SEVERE]: Timed out receiving message from renderer: 0.100
[1589798849.778][SEVERE]: Timed out receiving message from renderer: 0.100
[1589798850.144][SEVERE]: Timed out receiving message from renderer: 0.100
[1589798850.656][SEVERE]: Timed out receiving message from renderer: 0.100
Starting ChromeDriver 81.0.4044.138 (8c6c7ba89cc9453625af54f11fd83179e23450fa-refs/branch-heads/4044@{#999}) on port 28733
Only local connections are allowed.
Please protect ports used by ChromeDriver and related test frameworks to prevent access by malicious code.
[1589798851.653][WARNING]: FromSockAddr failed on netmask
May 18, 2020 4:17:31 PM org.openqa.selenium.remote.ProtocolHandshake createSession
INFO: Detected dialect: W3C
[1589798852.939][SEVERE]: Timed out receiving message from renderer: 0.100
[1589798853.042][SEVERE]: Timed out receiving message from renderer: 0.100
[1589798853.145][SEVERE]: Timed out receiving message from renderer: 0.100
[1589798853.247][SEVERE]: Timed out receiving message from renderer: 0.100
[1589798853.277][SEVERE]: Timed out receiving message from renderer: 0.100
[1589798853.380][SEVERE]: Timed out receiving message from renderer: 0.100
[1589798853.453][SEVERE]: Timed out receiving message from renderer: 0.100
[1589798853.482][SEVERE]: Timed out receiving message from renderer: 0.100
[1589798853.583][SEVERE]: Timed out receiving message from renderer: 0.100
[1589798853.649][SEVERE]: Timed out receiving message from renderer: 0.100
[1589798853.686][SEVERE]: Timed out receiving message from renderer: 0.100
[1589798854.897][SEVERE]: Timed out receiving message from renderer: 0.100
[1589798855.083][SEVERE]: Timed out receiving message from renderer: 0.100
[1589798855.185][SEVERE]: Timed out receiving message from renderer: 0.100
[1589798855.519][SEVERE]: Timed out receiving message from renderer: 0.100
[1589798855.621][SEVERE]: Timed out receiving message from renderer: 0.100
[1589798855.722][SEVERE]: Timed out receiving message from renderer: 0.100
[1589798855.824][SEVERE]: Timed out receiving message from renderer: 0.100
[1589798856.620][SEVERE]: Timed out receiving message from renderer: 0.100
[1589798856.630][SEVERE]: Timed out receiving message from renderer: 0.100
[1589798856.745][SEVERE]: Timed out receiving message from renderer: 0.100
[1589798856.918][SEVERE]: Timed out receiving message from renderer: 0.100
[1589798857.079][SEVERE]: Timed out receiving message from renderer: 0.100
[1589798857.181][SEVERE]: Timed out receiving message from renderer: 0.100
[1589798857.284][SEVERE]: Timed out receiving message from renderer: 0.100
[1589798857.385][SEVERE]: Timed out receiving message from renderer: 0.100
[1589798857.412][SEVERE]: Timed out receiving message from renderer: 0.100
[1589798857.496][SEVERE]: Timed out receiving message from renderer: 0.100
[1589798857.598][SEVERE]: Timed out receiving message from renderer: 0.100
[1589798857.601][SEVERE]: Timed out receiving message from renderer: 0.100
[1589798857.701][SEVERE]: Timed out receiving message from renderer: 0.100
[1589798857.706][SEVERE]: Timed out receiving message from renderer: 0.100
[1589798857.803][SEVERE]: Timed out receiving message from renderer: 0.100
[1589798857.836][SEVERE]: Timed out receiving message from renderer: 0.100
[1589798857.907][SEVERE]: Timed out receiving message from renderer: 0.100
[1589798858.009][SEVERE]: Timed out receiving message from renderer: 0.100
[1589798858.041][SEVERE]: Timed out receiving message from renderer: 0.100
[1589798858.142][SEVERE]: Timed out receiving message from renderer: 0.100
[1589798858.244][SEVERE]: Timed out receiving message from renderer: 0.100
[1589798858.344][SEVERE]: Timed out receiving message from renderer: 0.100
[1589798858.446][SEVERE]: Timed out receiving message from renderer: 0.100
[1589798858.548][SEVERE]: Timed out receiving message from renderer: 0.100
[1589798858.650][SEVERE]: Timed out receiving message from renderer: 0.100
[1589798858.756][SEVERE]: Timed out receiving message from renderer: 0.100
[1589798858.859][SEVERE]: Timed out receiving message from renderer: 0.100
Starting ChromeDriver 81.0.4044.138 (8c6c7ba89cc9453625af54f11fd83179e23450fa-refs/branch-heads/4044@{#999}) on port 10757
Only local connections are allowed.
Please protect ports used by ChromeDriver and related test frameworks to prevent access by malicious code.
[1589798862.550][WARNING]: FromSockAddr failed on netmask
May 18, 2020 4:17:42 PM org.openqa.selenium.remote.ProtocolHandshake createSession
INFO: Detected dialect: W3C
[1589798864.387][SEVERE]: Timed out receiving message from renderer: 0.100
[1589798864.490][SEVERE]: Timed out receiving message from renderer: 0.100
[1589798864.593][SEVERE]: Timed out receiving message from renderer: 0.100
[1589798864.696][SEVERE]: Timed out receiving message from renderer: 0.100
[1589798864.799][SEVERE]: Timed out receiving message from renderer: 0.100
[1589798865.066][SEVERE]: Timed out receiving message from renderer: 0.100
[1589798865.195][SEVERE]: Timed out receiving message from renderer: 0.100
[1589798868.792][SEVERE]: Timed out receiving message from renderer: 0.100
[1589798869.033][SEVERE]: Timed out receiving message from renderer: 0.100
[1589798869.186][SEVERE]: Timed out receiving message from renderer: 0.100
[1589798869.347][SEVERE]: Timed out receiving message from renderer: 0.100
[1589798869.519][SEVERE]: Timed out receiving message from renderer: 0.100
[1589798869.622][SEVERE]: Timed out receiving message from renderer: 0.100
[1589798869.725][SEVERE]: Timed out receiving message from renderer: 0.100
[1589798869.827][SEVERE]: Timed out receiving message from renderer: 0.100
[1589798869.939][SEVERE]: Timed out receiving message from renderer: 0.100
[1589798870.042][SEVERE]: Timed out receiving message from renderer: 0.100
[1589798870.144][SEVERE]: Timed out receiving message from renderer: 0.100
[1589798870.247][SEVERE]: Timed out receiving message from renderer: 0.100
[1589798870.350][SEVERE]: Timed out receiving message from renderer: 0.100
Starting ChromeDriver 81.0.4044.138 (8c6c7ba89cc9453625af54f11fd83179e23450fa-refs/branch-heads/4044@{#999}) on port 35581
Only local connections are allowed.
Please protect ports used by ChromeDriver and related test frameworks to prevent access by malicious code.
[1589798872.935][WARNING]: FromSockAddr failed on netmask
May 18, 2020 4:17:53 PM org.openqa.selenium.remote.ProtocolHandshake createSession
INFO: Detected dialect: W3C
[1589798874.577][SEVERE]: Timed out receiving message from renderer: 0.100
[1589798874.679][SEVERE]: Timed out receiving message from renderer: 0.100
[1589798874.781][SEVERE]: Timed out receiving message from renderer: 0.100
[1589798874.888][SEVERE]: Timed out receiving message from renderer: 0.100
[1589798874.990][SEVERE]: Timed out receiving message from renderer: 0.100
[1589798875.342][SEVERE]: Timed out receiving message from renderer: 0.100
[1589798876.597][SEVERE]: Timed out receiving message from renderer: 0.100
[1589798876.700][SEVERE]: Timed out receiving message from renderer: 0.100
[1589798876.810][SEVERE]: Timed out receiving message from renderer: 0.100
[1589798876.912][SEVERE]: Timed out receiving message from renderer: 0.100
[1589798877.014][SEVERE]: Timed out receiving message from renderer: 0.100
[1589798878.396][SEVERE]: Timed out receiving message from renderer: 0.100
[1589798878.533][SEVERE]: Timed out receiving message from renderer: 0.100
[1589798878.696][SEVERE]: Timed out receiving message from renderer: 0.100
[1589798878.866][SEVERE]: Timed out receiving message from renderer: 0.100
[1589798878.969][SEVERE]: Timed out receiving message from renderer: 0.100
[1589798879.072][SEVERE]: Timed out receiving message from renderer: 0.100
[1589798879.175][SEVERE]: Timed out receiving message from renderer: 0.100
[1589798879.278][SEVERE]: Timed out receiving message from renderer: 0.100
[1589798879.381][SEVERE]: Timed out receiving message from renderer: 0.100
[1589798879.483][SEVERE]: Timed out receiving message from renderer: 0.100
[1589798879.585][SEVERE]: Timed out receiving message from renderer: 0.100
[1589798879.688][SEVERE]: Timed out receiving message from renderer: 0.100
[1589798879.790][SEVERE]: Timed out receiving message from renderer: 0.100
]]></system-err>
</testsuite>
