<?xml version="1.0" encoding="UTF-8"?>
<testsuite name="executor.executor" tests="4" skipped="0" failures="1" errors="0" timestamp="2020-05-19T06:42:22" hostname="Chandhans-MacBook-Pro.local" time="54.495">
  <properties/>
  <testcase name="validatingSearch[0]({&quot;size&quot;:&quot;M&quot;,&quot;color&quot;:&quot;White&quot;,&quot;name&quot;:&quot;Round Neck Shirt 14&quot;})" classname="executor.executor" time="5.003">
    <failure message="java.lang.AssertionError: Result field name contains round neck shirt 14 expected [true] but found [false]" type="java.lang.AssertionError">java.lang.AssertionError: Result field name contains round neck shirt 14 expected [true] but found [false]
	at org.testng.Assert.fail(Assert.java:97)
	at org.testng.Assert.failNotEquals(Assert.java:969)
	at org.testng.Assert.assertTrue(Assert.java:43)
	at utils.basicActions.assertTrueWithScreenshot(basicActions.java:81)
	at pom.homePage.verifySearchResult(homePage.java:52)
	at executor.executor.validatingSearch(executor.java:29)
	at java.base/jdk.internal.reflect.NativeMethodAccessorImpl.invoke0(Native Method)
	at java.base/jdk.internal.reflect.NativeMethodAccessorImpl.invoke(NativeMethodAccessorImpl.java:62)
	at java.base/jdk.internal.reflect.DelegatingMethodAccessorImpl.invoke(DelegatingMethodAccessorImpl.java:43)
	at java.base/java.lang.reflect.Method.invoke(Method.java:566)
	at org.testng.internal.MethodInvocationHelper.invokeMethod(MethodInvocationHelper.java:134)
	at org.testng.internal.TestInvoker.invokeMethod(TestInvoker.java:597)
	at org.testng.internal.TestInvoker.invokeTestMethod(TestInvoker.java:173)
	at org.testng.internal.MethodRunner.runInSequence(MethodRunner.java:46)
	at org.testng.internal.TestInvoker$MethodInvocationAgent.invoke(TestInvoker.java:816)
	at org.testng.internal.TestInvoker.invokeTestMethods(TestInvoker.java:146)
	at org.testng.internal.TestMethodWorker.invokeTestMethods(TestMethodWorker.java:146)
	at org.testng.internal.TestMethodWorker.run(TestMethodWorker.java:128)
	at java.base/java.util.concurrent.ThreadPoolExecutor.runWorker(ThreadPoolExecutor.java:1128)
	at java.base/java.util.concurrent.ThreadPoolExecutor$Worker.run(ThreadPoolExecutor.java:628)
	at java.base/java.lang.Thread.run(Thread.java:834)
</failure>
  </testcase>
  <testcase name="validatingSearch[1]({&quot;size&quot;:&quot;M&quot;,&quot;color&quot;:&quot;White&quot;,&quot;name&quot;:&quot;Round Neck Shirt 6&quot;})" classname="executor.executor" time="11.689"/>
  <testcase name="ValidateAddingProductOfDifferentSize[0]({&quot;size&quot;:&quot;M&quot;,&quot;color&quot;:&quot;White&quot;,&quot;name&quot;:&quot;Round Neck Shirt 14&quot;})" classname="executor.executor" time="9.629"/>
  <testcase name="ValidateAddingProductOfDifferentSize[1]({&quot;size&quot;:&quot;M&quot;,&quot;color&quot;:&quot;White&quot;,&quot;name&quot;:&quot;Round Neck Shirt 6&quot;})" classname="executor.executor" time="16.781"/>
  <system-out><![CDATA[Round Neck ShirtRound Neck Shirt 14
Round Neck Shirt 6Round Neck Shirt 6
]]></system-out>
  <system-err><![CDATA[SLF4J: Failed to load class "org.slf4j.impl.StaticLoggerBinder".
SLF4J: Defaulting to no-operation (NOP) logger implementation
SLF4J: See http://www.slf4j.org/codes.html#StaticLoggerBinder for further details.
Starting ChromeDriver 81.0.4044.138 (8c6c7ba89cc9453625af54f11fd83179e23450fa-refs/branch-heads/4044@{#999}) on port 13096
Only local connections are allowed.
Please protect ports used by ChromeDriver and related test frameworks to prevent access by malicious code.
[1589870537.960][WARNING]: FromSockAddr failed on netmask
May 19, 2020 12:12:18 PM org.openqa.selenium.remote.ProtocolHandshake createSession
INFO: Detected dialect: W3C
[1589870540.368][SEVERE]: Timed out receiving message from renderer: 0.100
[1589870540.470][SEVERE]: Timed out receiving message from renderer: 0.100
[1589870540.572][SEVERE]: Timed out receiving message from renderer: 0.100
[1589870540.674][SEVERE]: Timed out receiving message from renderer: 0.100
[1589870540.775][SEVERE]: Timed out receiving message from renderer: 0.100
[1589870540.877][SEVERE]: Timed out receiving message from renderer: 0.100
[1589870540.979][SEVERE]: Timed out receiving message from renderer: 0.100
[1589870541.080][SEVERE]: Timed out receiving message from renderer: 0.100
[1589870541.182][SEVERE]: Timed out receiving message from renderer: 0.100
[1589870541.284][SEVERE]: Timed out receiving message from renderer: 0.100
[1589870541.499][SEVERE]: Timed out receiving message from renderer: 0.100
[1589870541.691][SEVERE]: Timed out receiving message from renderer: 0.100
[1589870541.793][SEVERE]: Timed out receiving message from renderer: 0.100
[1589870541.895][SEVERE]: Timed out receiving message from renderer: 0.100
[1589870541.996][SEVERE]: Timed out receiving message from renderer: 0.100
[1589870542.097][SEVERE]: Timed out receiving message from renderer: 0.100
[1589870543.612][SEVERE]: Timed out receiving message from renderer: 0.100
[1589870543.801][SEVERE]: Timed out receiving message from renderer: 0.100
[1589870543.903][SEVERE]: Timed out receiving message from renderer: 0.100
[1589870544.004][SEVERE]: Timed out receiving message from renderer: 0.100
[1589870544.105][SEVERE]: Timed out receiving message from renderer: 0.100
[1589870544.207][SEVERE]: Timed out receiving message from renderer: 0.100
[1589870545.222][SEVERE]: Timed out receiving message from renderer: 0.100
[1589870545.323][SEVERE]: Timed out receiving message from renderer: 0.100
[1589870545.543][SEVERE]: Timed out receiving message from renderer: 0.100
[1589870545.645][SEVERE]: Timed out receiving message from renderer: 0.100
[1589870545.747][SEVERE]: Timed out receiving message from renderer: 0.100
[1589870545.848][SEVERE]: Timed out receiving message from renderer: 0.100
[1589870545.951][SEVERE]: Timed out receiving message from renderer: 0.100
[1589870546.053][SEVERE]: Timed out receiving message from renderer: 0.100
[1589870546.154][SEVERE]: Timed out receiving message from renderer: 0.100
Starting ChromeDriver 81.0.4044.138 (8c6c7ba89cc9453625af54f11fd83179e23450fa-refs/branch-heads/4044@{#999}) on port 28559
Only local connections are allowed.
Please protect ports used by ChromeDriver and related test frameworks to prevent access by malicious code.
[1589870547.281][WARNING]: FromSockAddr failed on netmask
May 19, 2020 12:12:27 PM org.openqa.selenium.remote.ProtocolHandshake createSession
INFO: Detected dialect: W3C
[1589870549.156][SEVERE]: Timed out receiving message from renderer: 0.100
[1589870549.257][SEVERE]: Timed out receiving message from renderer: 0.100
[1589870549.359][SEVERE]: Timed out receiving message from renderer: 0.100
[1589870549.461][SEVERE]: Timed out receiving message from renderer: 0.100
[1589870549.563][SEVERE]: Timed out receiving message from renderer: 0.100
[1589870549.664][SEVERE]: Timed out receiving message from renderer: 0.100
[1589870549.765][SEVERE]: Timed out receiving message from renderer: 0.100
[1589870549.868][SEVERE]: Timed out receiving message from renderer: 0.100
[1589870549.970][SEVERE]: Timed out receiving message from renderer: 0.100
[1589870550.218][SEVERE]: Timed out receiving message from renderer: 0.100
[1589870550.320][SEVERE]: Timed out receiving message from renderer: 0.100
[1589870550.456][SEVERE]: Timed out receiving message from renderer: 0.100
[1589870550.559][SEVERE]: Timed out receiving message from renderer: 0.100
[1589870550.685][SEVERE]: Timed out receiving message from renderer: 0.100
[1589870550.787][SEVERE]: Timed out receiving message from renderer: 0.100
[1589870552.197][SEVERE]: Timed out receiving message from renderer: 0.100
[1589870552.378][SEVERE]: Timed out receiving message from renderer: 0.100
[1589870552.480][SEVERE]: Timed out receiving message from renderer: 0.100
[1589870552.581][SEVERE]: Timed out receiving message from renderer: 0.100
[1589870552.683][SEVERE]: Timed out receiving message from renderer: 0.100
[1589870552.785][SEVERE]: Timed out receiving message from renderer: 0.100
[1589870553.732][SEVERE]: Timed out receiving message from renderer: 0.100
[1589870553.833][SEVERE]: Timed out receiving message from renderer: 0.100
[1589870554.064][SEVERE]: Timed out receiving message from renderer: 0.100
[1589870554.843][SEVERE]: Timed out receiving message from renderer: 0.100
[1589870555.033][SEVERE]: Timed out receiving message from renderer: 0.100
[1589870555.134][SEVERE]: Timed out receiving message from renderer: 0.100
[1589870555.315][SEVERE]: Timed out receiving message from renderer: 0.100
[1589870555.416][SEVERE]: Timed out receiving message from renderer: 0.100
[1589870555.527][SEVERE]: Timed out receiving message from renderer: 0.100
[1589870555.628][SEVERE]: Timed out receiving message from renderer: 0.100
[1589870555.729][SEVERE]: Timed out receiving message from renderer: 0.100
[1589870555.830][SEVERE]: Timed out receiving message from renderer: 0.100
[1589870555.943][SEVERE]: Timed out receiving message from renderer: 0.100
[1589870556.045][SEVERE]: Timed out receiving message from renderer: 0.100
[1589870556.147][SEVERE]: Timed out receiving message from renderer: 0.100
[1589870556.249][SEVERE]: Timed out receiving message from renderer: 0.100
[1589870556.351][SEVERE]: Timed out receiving message from renderer: 0.100
[1589870556.453][SEVERE]: Timed out receiving message from renderer: 0.100
[1589870556.554][SEVERE]: Timed out receiving message from renderer: 0.100
[1589870556.656][SEVERE]: Timed out receiving message from renderer: 0.100
[1589870556.757][SEVERE]: Timed out receiving message from renderer: 0.100
[1589870556.859][SEVERE]: Timed out receiving message from renderer: 0.100
[1589870556.961][SEVERE]: Timed out receiving message from renderer: 0.100
[1589870557.063][SEVERE]: Timed out receiving message from renderer: 0.100
[1589870557.165][SEVERE]: Timed out receiving message from renderer: 0.100
[1589870559.756][SEVERE]: Timed out receiving message from renderer: 0.100
[1589870559.858][SEVERE]: Timed out receiving message from renderer: 0.100
[1589870559.960][SEVERE]: Timed out receiving message from renderer: 0.100
Starting ChromeDriver 81.0.4044.138 (8c6c7ba89cc9453625af54f11fd83179e23450fa-refs/branch-heads/4044@{#999}) on port 37020
Only local connections are allowed.
Please protect ports used by ChromeDriver and related test frameworks to prevent access by malicious code.
[1589870562.650][WARNING]: FromSockAddr failed on netmask
May 19, 2020 12:12:43 PM org.openqa.selenium.remote.ProtocolHandshake createSession
INFO: Detected dialect: W3C
[1589870564.551][SEVERE]: Timed out receiving message from renderer: 0.100
[1589870564.653][SEVERE]: Timed out receiving message from renderer: 0.100
[1589870564.754][SEVERE]: Timed out receiving message from renderer: 0.100
[1589870564.856][SEVERE]: Timed out receiving message from renderer: 0.100
[1589870564.958][SEVERE]: Timed out receiving message from renderer: 0.100
[1589870565.060][SEVERE]: Timed out receiving message from renderer: 0.100
[1589870565.161][SEVERE]: Timed out receiving message from renderer: 0.100
[1589870565.266][SEVERE]: Timed out receiving message from renderer: 0.100
[1589870565.377][SEVERE]: Timed out receiving message from renderer: 0.100
[1589870565.612][SEVERE]: Timed out receiving message from renderer: 0.100
[1589870565.714][SEVERE]: Timed out receiving message from renderer: 0.100
[1589870565.944][SEVERE]: Timed out receiving message from renderer: 0.100
[1589870566.045][SEVERE]: Timed out receiving message from renderer: 0.100
[1589870566.147][SEVERE]: Timed out receiving message from renderer: 0.100
[1589870567.905][SEVERE]: Timed out receiving message from renderer: 0.100
[1589870568.009][SEVERE]: Timed out receiving message from renderer: 0.100
[1589870568.119][SEVERE]: Timed out receiving message from renderer: 0.100
[1589870568.285][SEVERE]: Timed out receiving message from renderer: 0.100
[1589870568.387][SEVERE]: Timed out receiving message from renderer: 0.100
[1589870568.489][SEVERE]: Timed out receiving message from renderer: 0.100
[1589870568.592][SEVERE]: Timed out receiving message from renderer: 0.100
[1589870568.696][SEVERE]: Timed out receiving message from renderer: 0.100
[1589870570.174][SEVERE]: Timed out receiving message from renderer: 0.100
[1589870570.424][SEVERE]: Timed out receiving message from renderer: 0.100
[1589870570.529][SEVERE]: Timed out receiving message from renderer: 0.100
[1589870570.677][SEVERE]: Timed out receiving message from renderer: 0.100
[1589870570.779][SEVERE]: Timed out receiving message from renderer: 0.100
[1589870570.881][SEVERE]: Timed out receiving message from renderer: 0.100
[1589870571.001][SEVERE]: Timed out receiving message from renderer: 0.100
[1589870571.103][SEVERE]: Timed out receiving message from renderer: 0.100
[1589870571.205][SEVERE]: Timed out receiving message from renderer: 0.100
[1589870571.307][SEVERE]: Timed out receiving message from renderer: 0.100
[1589870571.408][SEVERE]: Timed out receiving message from renderer: 0.100
[1589870571.510][SEVERE]: Timed out receiving message from renderer: 0.100
[1589870571.611][SEVERE]: Timed out receiving message from renderer: 0.100
[1589870571.714][SEVERE]: Timed out receiving message from renderer: 0.100
[1589870571.816][SEVERE]: Timed out receiving message from renderer: 0.100
[1589870575.389][SEVERE]: Timed out receiving message from renderer: 0.100
Starting ChromeDriver 81.0.4044.138 (8c6c7ba89cc9453625af54f11fd83179e23450fa-refs/branch-heads/4044@{#999}) on port 19577
Only local connections are allowed.
Please protect ports used by ChromeDriver and related test frameworks to prevent access by malicious code.
[1589870576.084][WARNING]: FromSockAddr failed on netmask
May 19, 2020 12:12:56 PM org.openqa.selenium.remote.ProtocolHandshake createSession
INFO: Detected dialect: W3C
[1589870578.190][SEVERE]: Timed out receiving message from renderer: 0.100
[1589870578.292][SEVERE]: Timed out receiving message from renderer: 0.100
[1589870578.394][SEVERE]: Timed out receiving message from renderer: 0.100
[1589870578.495][SEVERE]: Timed out receiving message from renderer: 0.100
[1589870578.597][SEVERE]: Timed out receiving message from renderer: 0.100
[1589870578.699][SEVERE]: Timed out receiving message from renderer: 0.100
[1589870578.800][SEVERE]: Timed out receiving message from renderer: 0.100
[1589870578.903][SEVERE]: Timed out receiving message from renderer: 0.100
[1589870579.005][SEVERE]: Timed out receiving message from renderer: 0.100
[1589870579.247][SEVERE]: Timed out receiving message from renderer: 0.100
[1589870579.349][SEVERE]: Timed out receiving message from renderer: 0.100
[1589870579.595][SEVERE]: Timed out receiving message from renderer: 0.100
[1589870579.698][SEVERE]: Timed out receiving message from renderer: 0.100
[1589870581.488][SEVERE]: Timed out receiving message from renderer: 0.100
[1589870581.652][SEVERE]: Timed out receiving message from renderer: 0.100
[1589870581.755][SEVERE]: Timed out receiving message from renderer: 0.100
[1589870581.857][SEVERE]: Timed out receiving message from renderer: 0.100
[1589870581.959][SEVERE]: Timed out receiving message from renderer: 0.100
[1589870582.061][SEVERE]: Timed out receiving message from renderer: 0.100
[1589870582.165][SEVERE]: Timed out receiving message from renderer: 0.100
[1589870582.267][SEVERE]: Timed out receiving message from renderer: 0.100
[1589870582.368][SEVERE]: Timed out receiving message from renderer: 0.100
[1589870582.471][SEVERE]: Timed out receiving message from renderer: 0.100
[1589870582.573][SEVERE]: Timed out receiving message from renderer: 0.100
[1589870582.676][SEVERE]: Timed out receiving message from renderer: 0.100
[1589870582.778][SEVERE]: Timed out receiving message from renderer: 0.100
[1589870582.880][SEVERE]: Timed out receiving message from renderer: 0.100
[1589870582.981][SEVERE]: Timed out receiving message from renderer: 0.100
[1589870583.083][SEVERE]: Timed out receiving message from renderer: 0.100
[1589870583.185][SEVERE]: Timed out receiving message from renderer: 0.100
[1589870583.291][SEVERE]: Timed out receiving message from renderer: 0.100
[1589870583.392][SEVERE]: Timed out receiving message from renderer: 0.100
[1589870583.494][SEVERE]: Timed out receiving message from renderer: 0.100
[1589870583.598][SEVERE]: Timed out receiving message from renderer: 0.100
[1589870583.700][SEVERE]: Timed out receiving message from renderer: 0.100
[1589870583.801][SEVERE]: Timed out receiving message from renderer: 0.100
[1589870583.904][SEVERE]: Timed out receiving message from renderer: 0.100
[1589870584.006][SEVERE]: Timed out receiving message from renderer: 0.100
[1589870584.109][SEVERE]: Timed out receiving message from renderer: 0.100
[1589870584.210][SEVERE]: Timed out receiving message from renderer: 0.100
[1589870584.313][SEVERE]: Timed out receiving message from renderer: 0.100
[1589870584.424][SEVERE]: Timed out receiving message from renderer: 0.100
[1589870584.529][SEVERE]: Timed out receiving message from renderer: 0.100
[1589870584.634][SEVERE]: Timed out receiving message from renderer: 0.100
[1589870584.747][SEVERE]: Timed out receiving message from renderer: 0.100
[1589870584.853][SEVERE]: Timed out receiving message from renderer: 0.100
[1589870587.799][SEVERE]: Timed out receiving message from renderer: 0.100
[1589870587.905][SEVERE]: Timed out receiving message from renderer: 0.100
[1589870588.013][SEVERE]: Timed out receiving message from renderer: 0.100
[1589870588.146][SEVERE]: Timed out receiving message from renderer: 0.100
[1589870588.250][SEVERE]: Timed out receiving message from renderer: 0.100
[1589870588.418][SEVERE]: Timed out receiving message from renderer: 0.100
[1589870588.525][SEVERE]: Timed out receiving message from renderer: 0.100
[1589870588.629][SEVERE]: Timed out receiving message from renderer: 0.100
[1589870588.732][SEVERE]: Timed out receiving message from renderer: 0.100
[1589870588.836][SEVERE]: Timed out receiving message from renderer: 0.100
[1589870588.938][SEVERE]: Timed out receiving message from renderer: 0.100
[1589870589.041][SEVERE]: Timed out receiving message from renderer: 0.100
[1589870589.204][SEVERE]: Timed out receiving message from renderer: 0.100
[1589870589.307][SEVERE]: Timed out receiving message from renderer: 0.100
[1589870589.409][SEVERE]: Timed out receiving message from renderer: 0.100
[1589870589.512][SEVERE]: Timed out receiving message from renderer: 0.100
[1589870589.615][SEVERE]: Timed out receiving message from renderer: 0.100
[1589870589.723][SEVERE]: Timed out receiving message from renderer: 0.100
[1589870589.825][SEVERE]: Timed out receiving message from renderer: 0.100
[1589870590.025][SEVERE]: Timed out receiving message from renderer: 0.100
[1589870590.127][SEVERE]: Timed out receiving message from renderer: 0.100
[1589870590.233][SEVERE]: Timed out receiving message from renderer: 0.100
[1589870590.342][SEVERE]: Timed out receiving message from renderer: 0.100
[1589870590.450][SEVERE]: Timed out receiving message from renderer: 0.100
[1589870590.556][SEVERE]: Timed out receiving message from renderer: 0.100
[1589870590.658][SEVERE]: Timed out receiving message from renderer: 0.100
[1589870590.760][SEVERE]: Timed out receiving message from renderer: 0.100
[1589870590.862][SEVERE]: Timed out receiving message from renderer: 0.100
[1589870590.964][SEVERE]: Timed out receiving message from renderer: 0.100
[1589870591.066][SEVERE]: Timed out receiving message from renderer: 0.100
[1589870591.169][SEVERE]: Timed out receiving message from renderer: 0.100
[1589870595.941][SEVERE]: Timed out receiving message from renderer: 0.100
]]></system-err>
</testsuite>
