<?xml version="1.0" encoding="UTF-8"?>
<testsuite name="executor.executor" tests="2" skipped="0" failures="0" errors="0" timestamp="2020-05-18T09:53:37" hostname="Chandhans-MacBook-Pro.local" time="25.735">
  <properties/>
  <testcase name="validatingSearch" classname="executor.executor" time="13.181"/>
  <testcase name="ValidateAddingProductOfDifferentSize" classname="executor.executor" time="9.069"/>
  <system-out><![CDATA[Round Neck Shirt 6Round Neck Shirt 6
]]></system-out>
  <system-err><![CDATA[SLF4J: Failed to load class "org.slf4j.impl.StaticLoggerBinder".
SLF4J: Defaulting to no-operation (NOP) logger implementation
SLF4J: See http://www.slf4j.org/codes.html#StaticLoggerBinder for further details.
Starting ChromeDriver 81.0.4044.138 (8c6c7ba89cc9453625af54f11fd83179e23450fa-refs/branch-heads/4044@{#999}) on port 18113
Only local connections are allowed.
Please protect ports used by ChromeDriver and related test frameworks to prevent access by malicious code.
[1589795613.291][WARNING]: FromSockAddr failed on netmask
May 18, 2020 3:23:33 PM org.openqa.selenium.remote.ProtocolHandshake createSession
INFO: Detected dialect: W3C
[1589795616.065][SEVERE]: Timed out receiving message from renderer: 0.100
[1589795616.168][SEVERE]: Timed out receiving message from renderer: 0.100
[1589795616.270][SEVERE]: Timed out receiving message from renderer: 0.100
[1589795616.373][SEVERE]: Timed out receiving message from renderer: 0.100
[1589795616.476][SEVERE]: Timed out receiving message from renderer: 0.100
[1589795616.578][SEVERE]: Timed out receiving message from renderer: 0.100
[1589795616.681][SEVERE]: Timed out receiving message from renderer: 0.100
[1589795616.868][SEVERE]: Timed out receiving message from renderer: 0.100
[1589795616.971][SEVERE]: Timed out receiving message from renderer: 0.100
[1589795617.135][SEVERE]: Timed out receiving message from renderer: 0.100
[1589795617.238][SEVERE]: Timed out receiving message from renderer: 0.100
[1589795617.472][SEVERE]: Timed out receiving message from renderer: 0.100
[1589795617.663][SEVERE]: Timed out receiving message from renderer: 0.100
[1589795617.872][SEVERE]: Timed out receiving message from renderer: 0.100
[1589795619.305][SEVERE]: Timed out receiving message from renderer: 0.100
[1589795619.407][SEVERE]: Timed out receiving message from renderer: 0.100
[1589795619.531][SEVERE]: Timed out receiving message from renderer: 0.100
[1589795619.633][SEVERE]: Timed out receiving message from renderer: 0.100
[1589795619.736][SEVERE]: Timed out receiving message from renderer: 0.100
[1589795619.838][SEVERE]: Timed out receiving message from renderer: 0.100
[1589795619.940][SEVERE]: Timed out receiving message from renderer: 0.100
[1589795620.043][SEVERE]: Timed out receiving message from renderer: 0.100
[1589795620.145][SEVERE]: Timed out receiving message from renderer: 0.100
[1589795620.247][SEVERE]: Timed out receiving message from renderer: 0.100
[1589795620.349][SEVERE]: Timed out receiving message from renderer: 0.100
[1589795620.452][SEVERE]: Timed out receiving message from renderer: 0.100
[1589795620.554][SEVERE]: Timed out receiving message from renderer: 0.100
[1589795621.761][SEVERE]: Timed out receiving message from renderer: 0.100
[1589795621.942][SEVERE]: Timed out receiving message from renderer: 0.100
[1589795622.044][SEVERE]: Timed out receiving message from renderer: 0.100
[1589795622.146][SEVERE]: Timed out receiving message from renderer: 0.100
[1589795622.248][SEVERE]: Timed out receiving message from renderer: 0.100
[1589795623.290][SEVERE]: Timed out receiving message from renderer: 0.100
[1589795623.393][SEVERE]: Timed out receiving message from renderer: 0.100
[1589795623.495][SEVERE]: Timed out receiving message from renderer: 0.100
[1589795623.597][SEVERE]: Timed out receiving message from renderer: 0.100
[1589795623.699][SEVERE]: Timed out receiving message from renderer: 0.100
[1589795623.801][SEVERE]: Timed out receiving message from renderer: 0.100
[1589795623.903][SEVERE]: Timed out receiving message from renderer: 0.100
[1589795624.005][SEVERE]: Timed out receiving message from renderer: 0.100
[1589795624.147][SEVERE]: Timed out receiving message from renderer: 0.100
[1589795624.248][SEVERE]: Timed out receiving message from renderer: 0.100
[1589795624.351][SEVERE]: Timed out receiving message from renderer: 0.100
[1589795624.453][SEVERE]: Timed out receiving message from renderer: 0.100
[1589795624.620][SEVERE]: Timed out receiving message from renderer: 0.100
[1589795624.722][SEVERE]: Timed out receiving message from renderer: 0.100
[1589795624.823][SEVERE]: Timed out receiving message from renderer: 0.100
[1589795624.925][SEVERE]: Timed out receiving message from renderer: 0.100
[1589795625.029][SEVERE]: Timed out receiving message from renderer: 0.100
[1589795625.131][SEVERE]: Timed out receiving message from renderer: 0.100
[1589795625.233][SEVERE]: Timed out receiving message from renderer: 0.100
[1589795625.338][SEVERE]: Timed out receiving message from renderer: 0.100
[1589795625.534][SEVERE]: Timed out receiving message from renderer: 0.100
[1589795625.637][SEVERE]: Timed out receiving message from renderer: 0.100
[1589795625.740][SEVERE]: Timed out receiving message from renderer: 0.100
[1589795625.844][SEVERE]: Timed out receiving message from renderer: 0.100
[1589795625.952][SEVERE]: Timed out receiving message from renderer: 0.100
[1589795626.054][SEVERE]: Timed out receiving message from renderer: 0.100
[1589795626.157][SEVERE]: Timed out receiving message from renderer: 0.100
[1589795626.260][SEVERE]: Timed out receiving message from renderer: 0.100
[1589795626.363][SEVERE]: Timed out receiving message from renderer: 0.100
[1589795626.466][SEVERE]: Timed out receiving message from renderer: 0.100
[1589795626.569][SEVERE]: Timed out receiving message from renderer: 0.100
[1589795626.672][SEVERE]: Timed out receiving message from renderer: 0.100
[1589795626.775][SEVERE]: Timed out receiving message from renderer: 0.100
[1589795629.394][SEVERE]: Timed out receiving message from renderer: 0.100
[1589795629.497][SEVERE]: Timed out receiving message from renderer: 0.100
[1589795629.600][SEVERE]: Timed out receiving message from renderer: 0.100
Starting ChromeDriver 81.0.4044.138 (8c6c7ba89cc9453625af54f11fd83179e23450fa-refs/branch-heads/4044@{#999}) on port 13658
Only local connections are allowed.
Please protect ports used by ChromeDriver and related test frameworks to prevent access by malicious code.
[1589795631.310][WARNING]: FromSockAddr failed on netmask
May 18, 2020 3:23:51 PM org.openqa.selenium.remote.ProtocolHandshake createSession
INFO: Detected dialect: W3C
[1589795633.364][SEVERE]: Timed out receiving message from renderer: 0.100
[1589795633.467][SEVERE]: Timed out receiving message from renderer: 0.100
[1589795633.570][SEVERE]: Timed out receiving message from renderer: 0.100
[1589795633.673][SEVERE]: Timed out receiving message from renderer: 0.100
[1589795633.776][SEVERE]: Timed out receiving message from renderer: 0.100
[1589795633.940][SEVERE]: Timed out receiving message from renderer: 0.100
[1589795634.042][SEVERE]: Timed out receiving message from renderer: 0.100
[1589795634.177][SEVERE]: Timed out receiving message from renderer: 0.100
[1589795634.278][SEVERE]: Timed out receiving message from renderer: 0.100
[1589795634.538][SEVERE]: Timed out receiving message from renderer: 0.100
[1589795635.836][SEVERE]: Timed out receiving message from renderer: 0.100
[1589795636.030][SEVERE]: Timed out receiving message from renderer: 0.100
[1589795636.132][SEVERE]: Timed out receiving message from renderer: 0.100
[1589795636.234][SEVERE]: Timed out receiving message from renderer: 0.100
[1589795636.336][SEVERE]: Timed out receiving message from renderer: 0.100
[1589795637.582][SEVERE]: Timed out receiving message from renderer: 0.100
[1589795637.751][SEVERE]: Timed out receiving message from renderer: 0.100
[1589795637.854][SEVERE]: Timed out receiving message from renderer: 0.100
[1589795637.956][SEVERE]: Timed out receiving message from renderer: 0.100
[1589795638.059][SEVERE]: Timed out receiving message from renderer: 0.100
[1589795638.161][SEVERE]: Timed out receiving message from renderer: 0.100
[1589795638.264][SEVERE]: Timed out receiving message from renderer: 0.100
[1589795638.367][SEVERE]: Timed out receiving message from renderer: 0.100
[1589795638.470][SEVERE]: Timed out receiving message from renderer: 0.100
[1589795638.573][SEVERE]: Timed out receiving message from renderer: 0.100
[1589795638.697][SEVERE]: Timed out receiving message from renderer: 0.100
[1589795638.799][SEVERE]: Timed out receiving message from renderer: 0.100
[1589795638.902][SEVERE]: Timed out receiving message from renderer: 0.100
[1589795639.005][SEVERE]: Timed out receiving message from renderer: 0.100
[1589795639.108][SEVERE]: Timed out receiving message from renderer: 0.100
[1589795639.210][SEVERE]: Timed out receiving message from renderer: 0.100
[1589795639.312][SEVERE]: Timed out receiving message from renderer: 0.100
[1589795639.417][SEVERE]: Timed out receiving message from renderer: 0.100
[1589795639.583][SEVERE]: Timed out receiving message from renderer: 0.100
[1589795639.687][SEVERE]: Timed out receiving message from renderer: 0.100
[1589795639.790][SEVERE]: Timed out receiving message from renderer: 0.100
[1589795639.893][SEVERE]: Timed out receiving message from renderer: 0.100
[1589795639.996][SEVERE]: Timed out receiving message from renderer: 0.100
[1589795640.099][SEVERE]: Timed out receiving message from renderer: 0.100
[1589795640.228][SEVERE]: Timed out receiving message from renderer: 0.100
[1589795640.330][SEVERE]: Timed out receiving message from renderer: 0.100
[1589795640.432][SEVERE]: Timed out receiving message from renderer: 0.100
[1589795640.534][SEVERE]: Timed out receiving message from renderer: 0.100
[1589795640.636][SEVERE]: Timed out receiving message from renderer: 0.100
[1589795640.747][SEVERE]: Timed out receiving message from renderer: 0.100
[1589795640.850][SEVERE]: Timed out receiving message from renderer: 0.100
[1589795640.952][SEVERE]: Timed out receiving message from renderer: 0.100
[1589795641.055][SEVERE]: Timed out receiving message from renderer: 0.100
[1589795641.158][SEVERE]: Timed out receiving message from renderer: 0.100
[1589795643.465][SEVERE]: Timed out receiving message from renderer: 0.100
]]></system-err>
</testsuite>
