<?xml version="1.0" encoding="UTF-8"?>
<testsuite name="executor.executor" tests="2" skipped="0" failures="2" errors="0" timestamp="2020-05-18T09:12:40" hostname="Chandhans-MacBook-Pro.local" time="2.793">
  <properties/>
  <testcase name="validatingSearch" classname="executor.executor" time="0.008">
    <failure message="java.lang.RuntimeException: java.lang.InstantiationException: pom.welcomePage" type="java.lang.RuntimeException">java.lang.RuntimeException: java.lang.InstantiationException: pom.welcomePage
	at org.openqa.selenium.support.PageFactory.instantiatePage(PageFactory.java:131)
	at org.openqa.selenium.support.PageFactory.initElements(PageFactory.java:63)
	at utils.basicActions.getInstance(basicActions.java:32)
	at executor.executor.validatingSearch(executor.java:19)
	at java.base/jdk.internal.reflect.NativeMethodAccessorImpl.invoke0(Native Method)
	at java.base/jdk.internal.reflect.NativeMethodAccessorImpl.invoke(NativeMethodAccessorImpl.java:62)
	at java.base/jdk.internal.reflect.DelegatingMethodAccessorImpl.invoke(DelegatingMethodAccessorImpl.java:43)
	at java.base/java.lang.reflect.Method.invoke(Method.java:566)
	at org.testng.internal.MethodInvocationHelper.invokeMethod(MethodInvocationHelper.java:134)
	at org.testng.internal.TestInvoker.invokeMethod(TestInvoker.java:597)
	at org.testng.internal.TestInvoker.invokeTestMethod(TestInvoker.java:173)
	at org.testng.internal.MethodRunner.runInSequence(MethodRunner.java:46)
	at org.testng.internal.TestInvoker$MethodInvocationAgent.invoke(TestInvoker.java:816)
	at org.testng.internal.TestInvoker.invokeTestMethods(TestInvoker.java:146)
	at org.testng.internal.TestMethodWorker.invokeTestMethods(TestMethodWorker.java:146)
	at org.testng.internal.TestMethodWorker.run(TestMethodWorker.java:128)
	at java.base/java.util.concurrent.ThreadPoolExecutor.runWorker(ThreadPoolExecutor.java:1128)
	at java.base/java.util.concurrent.ThreadPoolExecutor$Worker.run(ThreadPoolExecutor.java:628)
	at java.base/java.lang.Thread.run(Thread.java:834)
Caused by: java.lang.InstantiationException: pom.welcomePage
	at java.base/java.lang.Class.newInstance(Class.java:571)
	at org.openqa.selenium.support.PageFactory.instantiatePage(PageFactory.java:128)
	... 18 more
Caused by: java.lang.NoSuchMethodException: pom.welcomePage.&lt;init&gt;()
	at java.base/java.lang.Class.getConstructor0(Class.java:3349)
	at java.base/java.lang.Class.newInstance(Class.java:556)
	... 19 more
</failure>
  </testcase>
  <testcase name="ValidateAddingProductOfDifferentSize" classname="executor.executor" time="0.003">
    <failure message="java.lang.RuntimeException: java.lang.InstantiationException: pom.welcomePage" type="java.lang.RuntimeException">java.lang.RuntimeException: java.lang.InstantiationException: pom.welcomePage
	at org.openqa.selenium.support.PageFactory.instantiatePage(PageFactory.java:131)
	at org.openqa.selenium.support.PageFactory.initElements(PageFactory.java:63)
	at utils.basicActions.getInstance(basicActions.java:32)
	at executor.executor.ValidateAddingProductOfDifferentSize(executor.java:41)
	at java.base/jdk.internal.reflect.NativeMethodAccessorImpl.invoke0(Native Method)
	at java.base/jdk.internal.reflect.NativeMethodAccessorImpl.invoke(NativeMethodAccessorImpl.java:62)
	at java.base/jdk.internal.reflect.DelegatingMethodAccessorImpl.invoke(DelegatingMethodAccessorImpl.java:43)
	at java.base/java.lang.reflect.Method.invoke(Method.java:566)
	at org.testng.internal.MethodInvocationHelper.invokeMethod(MethodInvocationHelper.java:134)
	at org.testng.internal.TestInvoker.invokeMethod(TestInvoker.java:597)
	at org.testng.internal.TestInvoker.invokeTestMethod(TestInvoker.java:173)
	at org.testng.internal.MethodRunner.runInSequence(MethodRunner.java:46)
	at org.testng.internal.TestInvoker$MethodInvocationAgent.invoke(TestInvoker.java:816)
	at org.testng.internal.TestInvoker.invokeTestMethods(TestInvoker.java:146)
	at org.testng.internal.TestMethodWorker.invokeTestMethods(TestMethodWorker.java:146)
	at org.testng.internal.TestMethodWorker.run(TestMethodWorker.java:128)
	at java.base/java.util.concurrent.ThreadPoolExecutor.runWorker(ThreadPoolExecutor.java:1128)
	at java.base/java.util.concurrent.ThreadPoolExecutor$Worker.run(ThreadPoolExecutor.java:628)
	at java.base/java.lang.Thread.run(Thread.java:834)
Caused by: java.lang.InstantiationException: pom.welcomePage
	at java.base/java.lang.Class.newInstance(Class.java:571)
	at org.openqa.selenium.support.PageFactory.instantiatePage(PageFactory.java:128)
	... 18 more
Caused by: java.lang.NoSuchMethodException: pom.welcomePage.&lt;init&gt;()
	at java.base/java.lang.Class.getConstructor0(Class.java:3349)
	at java.base/java.lang.Class.newInstance(Class.java:556)
	... 19 more
</failure>
  </testcase>
  <system-out><![CDATA[]]></system-out>
  <system-err><![CDATA[SLF4J: Failed to load class "org.slf4j.impl.StaticLoggerBinder".
SLF4J: Defaulting to no-operation (NOP) logger implementation
SLF4J: See http://www.slf4j.org/codes.html#StaticLoggerBinder for further details.
Starting ChromeDriver 81.0.4044.138 (8c6c7ba89cc9453625af54f11fd83179e23450fa-refs/branch-heads/4044@{#999}) on port 15866
Only local connections are allowed.
Please protect ports used by ChromeDriver and related test frameworks to prevent access by malicious code.
[1589793156.995][WARNING]: FromSockAddr failed on netmask
May 18, 2020 2:42:37 PM org.openqa.selenium.remote.ProtocolHandshake createSession
INFO: Detected dialect: W3C
[1589793159.362][SEVERE]: Timed out receiving message from renderer: 0.100
[1589793159.465][SEVERE]: Timed out receiving message from renderer: 0.100
[1589793159.568][SEVERE]: Timed out receiving message from renderer: 0.100
[1589793159.669][SEVERE]: Timed out receiving message from renderer: 0.100
[1589793159.771][SEVERE]: Timed out receiving message from renderer: 0.100
java.lang.RuntimeException: java.lang.InstantiationException: pom.welcomePage
	at org.openqa.selenium.support.PageFactory.instantiatePage(PageFactory.java:131)
	at org.openqa.selenium.support.PageFactory.initElements(PageFactory.java:63)
	at utils.basicActions.getInstance(basicActions.java:32)
	at executor.executor.validatingSearch(executor.java:19)
	at java.base/jdk.internal.reflect.NativeMethodAccessorImpl.invoke0(Native Method)
	at java.base/jdk.internal.reflect.NativeMethodAccessorImpl.invoke(NativeMethodAccessorImpl.java:62)
	at java.base/jdk.internal.reflect.DelegatingMethodAccessorImpl.invoke(DelegatingMethodAccessorImpl.java:43)
	at java.base/java.lang.reflect.Method.invoke(Method.java:566)
	at org.testng.internal.MethodInvocationHelper.invokeMethod(MethodInvocationHelper.java:134)
	at org.testng.internal.TestInvoker.invokeMethod(TestInvoker.java:597)
	at org.testng.internal.TestInvoker.invokeTestMethod(TestInvoker.java:173)
	at org.testng.internal.MethodRunner.runInSequence(MethodRunner.java:46)
	at org.testng.internal.TestInvoker$MethodInvocationAgent.invoke(TestInvoker.java:816)
	at org.testng.internal.TestInvoker.invokeTestMethods(TestInvoker.java:146)
	at org.testng.internal.TestMethodWorker.invokeTestMethods(TestMethodWorker.java:146)
	at org.testng.internal.TestMethodWorker.run(TestMethodWorker.java:128)
	at java.base/java.util.concurrent.ThreadPoolExecutor.runWorker(ThreadPoolExecutor.java:1128)
	at java.base/java.util.concurrent.ThreadPoolExecutor$Worker.run(ThreadPoolExecutor.java:628)
	at java.base/java.lang.Thread.run(Thread.java:834)
Caused by: java.lang.InstantiationException: pom.welcomePage
	at java.base/java.lang.Class.newInstance(Class.java:571)
	at org.openqa.selenium.support.PageFactory.instantiatePage(PageFactory.java:128)
	... 18 more
Caused by: java.lang.NoSuchMethodException: pom.welcomePage.<init>()
	at java.base/java.lang.Class.getConstructor0(Class.java:3349)
	at java.base/java.lang.Class.newInstance(Class.java:556)
	... 19 more
Starting ChromeDriver 81.0.4044.138 (8c6c7ba89cc9453625af54f11fd83179e23450fa-refs/branch-heads/4044@{#999}) on port 17558
Only local connections are allowed.
Please protect ports used by ChromeDriver and related test frameworks to prevent access by malicious code.
[1589793160.279][WARNING]: FromSockAddr failed on netmask
May 18, 2020 2:42:40 PM org.openqa.selenium.remote.ProtocolHandshake createSession
INFO: Detected dialect: W3C
[1589793162.123][SEVERE]: Timed out receiving message from renderer: 0.100
[1589793162.224][SEVERE]: Timed out receiving message from renderer: 0.100
[1589793162.326][SEVERE]: Timed out receiving message from renderer: 0.100
[1589793162.427][SEVERE]: Timed out receiving message from renderer: 0.100
[1589793162.529][SEVERE]: Timed out receiving message from renderer: 0.100
[1589793162.669][SEVERE]: Timed out receiving message from renderer: 0.100
[1589793162.875][SEVERE]: Timed out receiving message from renderer: 0.100
java.lang.RuntimeException: java.lang.InstantiationException: pom.welcomePage
	at org.openqa.selenium.support.PageFactory.instantiatePage(PageFactory.java:131)
	at org.openqa.selenium.support.PageFactory.initElements(PageFactory.java:63)
	at utils.basicActions.getInstance(basicActions.java:32)
	at executor.executor.ValidateAddingProductOfDifferentSize(executor.java:41)
	at java.base/jdk.internal.reflect.NativeMethodAccessorImpl.invoke0(Native Method)
	at java.base/jdk.internal.reflect.NativeMethodAccessorImpl.invoke(NativeMethodAccessorImpl.java:62)
	at java.base/jdk.internal.reflect.DelegatingMethodAccessorImpl.invoke(DelegatingMethodAccessorImpl.java:43)
	at java.base/java.lang.reflect.Method.invoke(Method.java:566)
	at org.testng.internal.MethodInvocationHelper.invokeMethod(MethodInvocationHelper.java:134)
	at org.testng.internal.TestInvoker.invokeMethod(TestInvoker.java:597)
	at org.testng.internal.TestInvoker.invokeTestMethod(TestInvoker.java:173)
	at org.testng.internal.MethodRunner.runInSequence(MethodRunner.java:46)
	at org.testng.internal.TestInvoker$MethodInvocationAgent.invoke(TestInvoker.java:816)
	at org.testng.internal.TestInvoker.invokeTestMethods(TestInvoker.java:146)
	at org.testng.internal.TestMethodWorker.invokeTestMethods(TestMethodWorker.java:146)
	at org.testng.internal.TestMethodWorker.run(TestMethodWorker.java:128)
	at java.base/java.util.concurrent.ThreadPoolExecutor.runWorker(ThreadPoolExecutor.java:1128)
	at java.base/java.util.concurrent.ThreadPoolExecutor$Worker.run(ThreadPoolExecutor.java:628)
	at java.base/java.lang.Thread.run(Thread.java:834)
Caused by: java.lang.InstantiationException: pom.welcomePage
	at java.base/java.lang.Class.newInstance(Class.java:571)
	at org.openqa.selenium.support.PageFactory.instantiatePage(PageFactory.java:128)
	... 18 more
Caused by: java.lang.NoSuchMethodException: pom.welcomePage.<init>()
	at java.base/java.lang.Class.getConstructor0(Class.java:3349)
	at java.base/java.lang.Class.newInstance(Class.java:556)
	... 19 more
]]></system-err>
</testsuite>
