<?xml version="1.0" encoding="UTF-8"?>
<testsuite name="executor.executor" tests="4" skipped="0" failures="1" errors="0" timestamp="2020-05-18T11:25:06" hostname="Chandhans-MacBook-Pro.local" time="31.581">
  <properties/>
  <testcase name="validatingSearch[0](Round Neck Shirt 14, M, White)" classname="executor.executor" time="3.257">
    <failure message="java.lang.AssertionError: Result field name contains round neck shirt 14 expected [true] but found [false]" type="java.lang.AssertionError">java.lang.AssertionError: Result field name contains round neck shirt 14 expected [true] but found [false]
	at org.testng.Assert.fail(Assert.java:97)
	at org.testng.Assert.failNotEquals(Assert.java:969)
	at org.testng.Assert.assertTrue(Assert.java:43)
	at utils.basicActions.assertTrueWithScreenshot(basicActions.java:81)
	at pom.homePage.verifySearchResult(homePage.java:52)
	at executor.executor.validatingSearch(executor.java:28)
	at java.base/jdk.internal.reflect.NativeMethodAccessorImpl.invoke0(Native Method)
	at java.base/jdk.internal.reflect.NativeMethodAccessorImpl.invoke(NativeMethodAccessorImpl.java:62)
	at java.base/jdk.internal.reflect.DelegatingMethodAccessorImpl.invoke(DelegatingMethodAccessorImpl.java:43)
	at java.base/java.lang.reflect.Method.invoke(Method.java:566)
	at org.testng.internal.MethodInvocationHelper.invokeMethod(MethodInvocationHelper.java:134)
	at org.testng.internal.TestInvoker.invokeMethod(TestInvoker.java:597)
	at org.testng.internal.TestInvoker.invokeTestMethod(TestInvoker.java:173)
	at org.testng.internal.MethodRunner.runInSequence(MethodRunner.java:46)
	at org.testng.internal.TestInvoker$MethodInvocationAgent.invoke(TestInvoker.java:816)
	at org.testng.internal.TestInvoker.invokeTestMethods(TestInvoker.java:146)
	at org.testng.internal.TestMethodWorker.invokeTestMethods(TestMethodWorker.java:146)
	at org.testng.internal.TestMethodWorker.run(TestMethodWorker.java:128)
	at java.base/java.util.concurrent.ThreadPoolExecutor.runWorker(ThreadPoolExecutor.java:1128)
	at java.base/java.util.concurrent.ThreadPoolExecutor$Worker.run(ThreadPoolExecutor.java:628)
	at java.base/java.lang.Thread.run(Thread.java:834)
</failure>
  </testcase>
  <testcase name="validatingSearch[1](Round Neck Shirt 6, M, White)" classname="executor.executor" time="7.874"/>
  <testcase name="ValidateAddingProductOfDifferentSize[0](Round Neck Shirt 14, M, White)" classname="executor.executor" time="6.597"/>
  <testcase name="ValidateAddingProductOfDifferentSize[1](Round Neck Shirt 6, M, White)" classname="executor.executor" time="6.214"/>
  <system-out><![CDATA[Round Neck ShirtRound Neck Shirt 14
Round Neck Shirt 6Round Neck Shirt 6
]]></system-out>
  <system-err><![CDATA[SLF4J: Failed to load class "org.slf4j.impl.StaticLoggerBinder".
SLF4J: Defaulting to no-operation (NOP) logger implementation
SLF4J: See http://www.slf4j.org/codes.html#StaticLoggerBinder for further details.
Starting ChromeDriver 81.0.4044.138 (8c6c7ba89cc9453625af54f11fd83179e23450fa-refs/branch-heads/4044@{#999}) on port 18988
Only local connections are allowed.
Please protect ports used by ChromeDriver and related test frameworks to prevent access by malicious code.
[1589801103.459][WARNING]: FromSockAddr failed on netmask
May 18, 2020 4:55:03 PM org.openqa.selenium.remote.ProtocolHandshake createSession
INFO: Detected dialect: W3C
[1589801105.617][SEVERE]: Timed out receiving message from renderer: 0.100
[1589801105.719][SEVERE]: Timed out receiving message from renderer: 0.100
[1589801105.822][SEVERE]: Timed out receiving message from renderer: 0.100
[1589801107.418][SEVERE]: Timed out receiving message from renderer: 0.100
[1589801107.556][SEVERE]: Timed out receiving message from renderer: 0.100
[1589801107.657][SEVERE]: Timed out receiving message from renderer: 0.100
[1589801108.557][SEVERE]: Timed out receiving message from renderer: 0.100
Starting ChromeDriver 81.0.4044.138 (8c6c7ba89cc9453625af54f11fd83179e23450fa-refs/branch-heads/4044@{#999}) on port 41191
Only local connections are allowed.
Please protect ports used by ChromeDriver and related test frameworks to prevent access by malicious code.
[1589801109.537][WARNING]: FromSockAddr failed on netmask
May 18, 2020 4:55:09 PM org.openqa.selenium.remote.ProtocolHandshake createSession
INFO: Detected dialect: W3C
[1589801111.354][SEVERE]: Timed out receiving message from renderer: 0.100
[1589801111.456][SEVERE]: Timed out receiving message from renderer: 0.100
[1589801111.559][SEVERE]: Timed out receiving message from renderer: 0.100
[1589801111.812][SEVERE]: Timed out receiving message from renderer: 0.100
[1589801113.838][SEVERE]: Timed out receiving message from renderer: 0.100
[1589801114.516][SEVERE]: Timed out receiving message from renderer: 0.100
[1589801114.619][SEVERE]: Timed out receiving message from renderer: 0.100
[1589801114.874][SEVERE]: Timed out receiving message from renderer: 0.100
[1589801114.975][SEVERE]: Timed out receiving message from renderer: 0.100
[1589801115.126][SEVERE]: Timed out receiving message from renderer: 0.100
[1589801115.270][SEVERE]: Timed out receiving message from renderer: 0.100
[1589801115.372][SEVERE]: Timed out receiving message from renderer: 0.100
[1589801115.474][SEVERE]: Timed out receiving message from renderer: 0.100
[1589801115.577][SEVERE]: Timed out receiving message from renderer: 0.100
[1589801115.691][SEVERE]: Timed out receiving message from renderer: 0.100
[1589801115.794][SEVERE]: Timed out receiving message from renderer: 0.100
[1589801115.895][SEVERE]: Timed out receiving message from renderer: 0.100
[1589801115.998][SEVERE]: Timed out receiving message from renderer: 0.100
[1589801116.100][SEVERE]: Timed out receiving message from renderer: 0.100
Starting ChromeDriver 81.0.4044.138 (8c6c7ba89cc9453625af54f11fd83179e23450fa-refs/branch-heads/4044@{#999}) on port 38774
Only local connections are allowed.
Please protect ports used by ChromeDriver and related test frameworks to prevent access by malicious code.
[1589801119.858][WARNING]: FromSockAddr failed on netmask
May 18, 2020 4:55:20 PM org.openqa.selenium.remote.ProtocolHandshake createSession
INFO: Detected dialect: W3C
[1589801121.695][SEVERE]: Timed out receiving message from renderer: 0.100
[1589801121.798][SEVERE]: Timed out receiving message from renderer: 0.100
[1589801121.900][SEVERE]: Timed out receiving message from renderer: 0.100
[1589801123.442][SEVERE]: Timed out receiving message from renderer: 0.100
[1589801123.544][SEVERE]: Timed out receiving message from renderer: 0.100
[1589801123.646][SEVERE]: Timed out receiving message from renderer: 0.100
[1589801123.748][SEVERE]: Timed out receiving message from renderer: 0.100
[1589801125.023][SEVERE]: Timed out receiving message from renderer: 0.100
[1589801125.198][SEVERE]: Timed out receiving message from renderer: 0.100
[1589801125.347][SEVERE]: Timed out receiving message from renderer: 0.100
[1589801125.450][SEVERE]: Timed out receiving message from renderer: 0.100
[1589801125.553][SEVERE]: Timed out receiving message from renderer: 0.100
[1589801125.655][SEVERE]: Timed out receiving message from renderer: 0.100
[1589801125.768][SEVERE]: Timed out receiving message from renderer: 0.100
[1589801125.871][SEVERE]: Timed out receiving message from renderer: 0.100
[1589801125.973][SEVERE]: Timed out receiving message from renderer: 0.100
[1589801126.076][SEVERE]: Timed out receiving message from renderer: 0.100
[1589801126.180][SEVERE]: Timed out receiving message from renderer: 0.100
[1589801128.492][SEVERE]: Timed out receiving message from renderer: 0.100
[1589801128.594][SEVERE]: Timed out receiving message from renderer: 0.100
Starting ChromeDriver 81.0.4044.138 (8c6c7ba89cc9453625af54f11fd83179e23450fa-refs/branch-heads/4044@{#999}) on port 15888
Only local connections are allowed.
Please protect ports used by ChromeDriver and related test frameworks to prevent access by malicious code.
[1589801128.992][WARNING]: FromSockAddr failed on netmask
May 18, 2020 4:55:29 PM org.openqa.selenium.remote.ProtocolHandshake createSession
INFO: Detected dialect: W3C
[1589801130.977][SEVERE]: Timed out receiving message from renderer: 0.100
[1589801131.080][SEVERE]: Timed out receiving message from renderer: 0.100
[1589801131.183][SEVERE]: Timed out receiving message from renderer: 0.100
[1589801133.756][SEVERE]: Timed out receiving message from renderer: 0.100
[1589801133.859][SEVERE]: Timed out receiving message from renderer: 0.100
[1589801134.125][SEVERE]: Timed out receiving message from renderer: 0.100
[1589801134.272][SEVERE]: Timed out receiving message from renderer: 0.100
[1589801134.401][SEVERE]: Timed out receiving message from renderer: 0.100
[1589801134.504][SEVERE]: Timed out receiving message from renderer: 0.100
[1589801134.607][SEVERE]: Timed out receiving message from renderer: 0.100
[1589801134.709][SEVERE]: Timed out receiving message from renderer: 0.100
[1589801134.821][SEVERE]: Timed out receiving message from renderer: 0.100
[1589801134.923][SEVERE]: Timed out receiving message from renderer: 0.100
[1589801135.025][SEVERE]: Timed out receiving message from renderer: 0.100
[1589801135.128][SEVERE]: Timed out receiving message from renderer: 0.100
[1589801135.231][SEVERE]: Timed out receiving message from renderer: 0.100
]]></system-err>
</testsuite>
