<?xml version="1.0" encoding="UTF-8"?>
<!-- Generated by org.testng.reporters.JUnitReportReporter -->
<testsuite hostname="Chandhans-MacBook-Pro.local" failures="0" tests="1" name="executor.executor" time="16.545" errors="0" timestamp="2020-05-13T20:42:40 IST" skipped="0">
  <testcase classname="executor.executor" name="validatingSearch" time="16.545"/>
  <system-out/>
</testsuite> <!-- executor.executor -->
